[2025-04-29 10:15:30,123] [INFO] [app] Application started successfully - test
[2025-04-29 10:15:35,456] [WARNING] [api] Connection timeout to Proxmox host - test
[2025-04-29 10:15:40,789] [ERROR] [api] Failed to fetch VM data from Proxmox - test
[2025-04-29 20:12:58,812] [INFO] [app] Home page accessed, found 2 configured hosts
[2025-04-29 20:22:52,809] [INFO] [app] Logs page viewed with level filter: all, page 1
[2025-04-29 20:22:57,250] [INFO] [app] Logs page viewed with level filter: all, page 1
[2025-04-29 20:24:10,337] [INFO] [app] Home page accessed, found 2 configured hosts
[2025-04-29 20:25:43,256] [WARNING] [app] Failed to get container disk usage: 501 Not Implemented: Method 'GET /nodes/dell/lxc/109/df' not implemented
[2025-04-29 20:28:50,681] [WARNING] [app] Failed to get container disk usage: 501 Not Implemented: Method 'GET /nodes/dell/lxc/102/df' not implemented
[2025-04-29 20:34:02,111] [INFO] [app] Home page accessed, found 2 configured hosts
[2025-04-29 20:40:37,632] [INFO] [app] Home page accessed, found 2 configured hosts
[2025-04-29 20:49:15,446] [WARNING] [app] Failed to get df data for container 108: 501 Not Implemented: Method 'GET /nodes/dell/lxc/108/df' not implemented
[2025-04-29 20:52:40,503] [WARNING] [app] Failed to get df data for container 108: 501 Not Implemented: Method 'GET /nodes/dell/lxc/108/df' not implemented
[2025-04-29 21:20:19,815] [INFO] [app] Home page accessed, found 2 configured hosts
[2025-04-29 21:21:44,141] [INFO] [app] Home page accessed, found 2 configured hosts
[2025-04-29 21:22:12,071] [INFO] [app] Home page accessed, found 2 configured hosts
[2025-04-29 21:25:00,749] [INFO] [app] Home page accessed, found 2 configured hosts
[2025-04-29 21:26:22,443] [INFO] [app] Home page accessed, found 2 configured hosts
[2025-04-29 21:27:11,320] [INFO] [app] Home page accessed, found 2 configured hosts
[2025-04-29 21:29:06,301] [INFO] [app] Home page accessed, found 2 configured hosts
[2025-04-29 21:32:08,321] [INFO] [app] Home page accessed, found 2 configured hosts
[2025-04-29 21:32:12,316] [INFO] [app] Home page accessed, found 2 configured hosts
[2025-04-29 21:35:13,213] [INFO] [app] Logs page viewed with level filter: all, page 1
[2025-04-29 21:35:16,350] [INFO] [app] Home page accessed, found 2 configured hosts
[2025-04-30 09:56:28,790] [INFO] [app] Home page accessed, found 1 configured hosts
[2025-04-30 09:57:31,807] [INFO] [app] Home page accessed, found 1 configured hosts
[2025-04-30 09:59:08,939] [INFO] [app] Home page accessed, found 1 configured hosts
[2025-04-30 10:02:37,619] [INFO] [app] Home page accessed, found 1 configured hosts
[2025-04-30 10:05:46,532] [INFO] [app] Home page accessed, found 1 configured hosts
[2025-04-30 10:10:54,432] [INFO] [app] Home page accessed, found 1 configured hosts
[2025-04-30 10:11:45,574] [INFO] [app] Home page accessed, found 1 configured hosts
[2025-04-30 10:12:27,445] [INFO] [app] Home page accessed, found 1 configured hosts
[2025-04-30 10:13:34,076] [INFO] [app] Home page accessed, found 1 configured hosts
[2025-04-30 10:15:33,871] [INFO] [app] Home page accessed, found 1 configured hosts
[2025-04-30 10:16:07,732] [INFO] [app] Home page accessed, found 1 configured hosts
[2025-04-30 10:17:06,588] [INFO] [app] Home page accessed, found 1 configured hosts
[2025-04-30 10:18:08,901] [INFO] [app] Home page accessed, found 1 configured hosts
[2025-04-30 10:18:43,821] [INFO] [app] Home page accessed, found 1 configured hosts
